<?xml version="1.0" encoding="UTF-8"?>
<testsuite xmlns:xsi="http://www.w3.org/2001/XMLSchema-instance" xsi:noNamespaceSchemaLocation="https://maven.apache.org/surefire/maven-surefire-plugin/xsd/surefire-test-report-3.0.xsd" version="3.0" name="UI.choiceHandlerTest" time="0.069" tests="3" errors="0" skipped="0" failures="0">
  <properties>
    <property name="java.specification.version" value="22"/>
    <property name="sun.cpu.isalist" value="amd64"/>
    <property name="sun.jnu.encoding" value="Cp1252"/>
    <property name="java.class.path" value="C:\Users\mocev\Documents\GitHub\ProgettoEDIDS\target\test-classes;C:\Users\mocev\Documents\GitHub\ProgettoEDIDS\target\classes;C:\Users\mocev\.m2\repository\com\amazonaws\aws-java-sdk-core\1.12.733\aws-java-sdk-core-1.12.733.jar;C:\Users\mocev\.m2\repository\commons-logging\commons-logging\1.1.3\commons-logging-1.1.3.jar;C:\Users\mocev\.m2\repository\commons-codec\commons-codec\1.15\commons-codec-1.15.jar;C:\Users\mocev\.m2\repository\org\apache\httpcomponents\httpclient\4.5.13\httpclient-4.5.13.jar;C:\Users\mocev\.m2\repository\org\apache\httpcomponents\httpcore\4.4.13\httpcore-4.4.13.jar;C:\Users\mocev\.m2\repository\com\fasterxml\jackson\core\jackson-databind\2.12.7.2\jackson-databind-2.12.7.2.jar;C:\Users\mocev\.m2\repository\com\fasterxml\jackson\core\jackson-annotations\2.12.7\jackson-annotations-2.12.7.jar;C:\Users\mocev\.m2\repository\com\fasterxml\jackson\core\jackson-core\2.12.7\jackson-core-2.12.7.jar;C:\Users\mocev\.m2\repository\com\fasterxml\jackson\dataformat\jackson-dataformat-cbor\2.12.6\jackson-dataformat-cbor-2.12.6.jar;C:\Users\mocev\.m2\repository\joda-time\joda-time\2.12.7\joda-time-2.12.7.jar;C:\Users\mocev\.m2\repository\com\amazonaws\aws-java-sdk-s3\1.12.733\aws-java-sdk-s3-1.12.733.jar;C:\Users\mocev\.m2\repository\com\amazonaws\aws-java-sdk-kms\1.12.411\aws-java-sdk-kms-1.12.411.jar;C:\Users\mocev\.m2\repository\com\amazonaws\jmespath-java\1.12.411\jmespath-java-1.12.411.jar;C:\Users\mocev\.m2\repository\org\slf4j\slf4j-api\1.7.32\slf4j-api-1.7.32.jar;C:\Users\mocev\.m2\repository\org\slf4j\slf4j-simple\1.7.32\slf4j-simple-1.7.32.jar;C:\Users\mocev\.m2\repository\javax\xml\bind\jaxb-api\2.4.0-b180830.0359\jaxb-api-2.4.0-b180830.0359.jar;C:\Users\mocev\.m2\repository\javax\activation\javax.activation-api\1.2.0\javax.activation-api-1.2.0.jar;C:\Users\mocev\.m2\repository\software\amazon\awssdk\s3\2.22.0\s3-2.22.0.jar;C:\Users\mocev\.m2\repository\software\amazon\awssdk\aws-xml-protocol\2.22.0\aws-xml-protocol-2.22.0.jar;C:\Users\mocev\.m2\repository\software\amazon\awssdk\aws-query-protocol\2.22.0\aws-query-protocol-2.22.0.jar;C:\Users\mocev\.m2\repository\software\amazon\awssdk\protocol-core\2.22.0\protocol-core-2.22.0.jar;C:\Users\mocev\.m2\repository\software\amazon\awssdk\arns\2.22.0\arns-2.22.0.jar;C:\Users\mocev\.m2\repository\software\amazon\awssdk\profiles\2.22.0\profiles-2.22.0.jar;C:\Users\mocev\.m2\repository\software\amazon\awssdk\crt-core\2.22.0\crt-core-2.22.0.jar;C:\Users\mocev\.m2\repository\software\amazon\awssdk\http-auth\2.22.0\http-auth-2.22.0.jar;C:\Users\mocev\.m2\repository\software\amazon\awssdk\identity-spi\2.22.0\identity-spi-2.22.0.jar;C:\Users\mocev\.m2\repository\software\amazon\awssdk\http-auth-spi\2.22.0\http-auth-spi-2.22.0.jar;C:\Users\mocev\.m2\repository\org\reactivestreams\reactive-streams\1.0.4\reactive-streams-1.0.4.jar;C:\Users\mocev\.m2\repository\software\amazon\awssdk\http-auth-aws\2.22.0\http-auth-aws-2.22.0.jar;C:\Users\mocev\.m2\repository\software\amazon\awssdk\checksums\2.22.0\checksums-2.22.0.jar;C:\Users\mocev\.m2\repository\software\amazon\awssdk\checksums-spi\2.22.0\checksums-spi-2.22.0.jar;C:\Users\mocev\.m2\repository\software\amazon\awssdk\sdk-core\2.22.0\sdk-core-2.22.0.jar;C:\Users\mocev\.m2\repository\software\amazon\awssdk\auth\2.22.0\auth-2.22.0.jar;C:\Users\mocev\.m2\repository\software\amazon\eventstream\eventstream\1.0.1\eventstream-1.0.1.jar;C:\Users\mocev\.m2\repository\software\amazon\awssdk\http-client-spi\2.22.0\http-client-spi-2.22.0.jar;C:\Users\mocev\.m2\repository\software\amazon\awssdk\regions\2.22.0\regions-2.22.0.jar;C:\Users\mocev\.m2\repository\software\amazon\awssdk\annotations\2.22.0\annotations-2.22.0.jar;C:\Users\mocev\.m2\repository\software\amazon\awssdk\utils\2.22.0\utils-2.22.0.jar;C:\Users\mocev\.m2\repository\software\amazon\awssdk\aws-core\2.22.0\aws-core-2.22.0.jar;C:\Users\mocev\.m2\repository\software\amazon\awssdk\metrics-spi\2.22.0\metrics-spi-2.22.0.jar;C:\Users\mocev\.m2\repository\software\amazon\awssdk\json-utils\2.22.0\json-utils-2.22.0.jar;C:\Users\mocev\.m2\repository\software\amazon\awssdk\third-party-jackson-core\2.22.0\third-party-jackson-core-2.22.0.jar;C:\Users\mocev\.m2\repository\software\amazon\awssdk\endpoints-spi\2.22.0\endpoints-spi-2.22.0.jar;C:\Users\mocev\.m2\repository\software\amazon\awssdk\apache-client\2.22.0\apache-client-2.22.0.jar;C:\Users\mocev\.m2\repository\software\amazon\awssdk\netty-nio-client\2.22.0\netty-nio-client-2.22.0.jar;C:\Users\mocev\.m2\repository\io\netty\netty-codec-http\4.1.100.Final\netty-codec-http-4.1.100.Final.jar;C:\Users\mocev\.m2\repository\io\netty\netty-codec-http2\4.1.100.Final\netty-codec-http2-4.1.100.Final.jar;C:\Users\mocev\.m2\repository\io\netty\netty-codec\4.1.100.Final\netty-codec-4.1.100.Final.jar;C:\Users\mocev\.m2\repository\io\netty\netty-transport\4.1.100.Final\netty-transport-4.1.100.Final.jar;C:\Users\mocev\.m2\repository\io\netty\netty-common\4.1.100.Final\netty-common-4.1.100.Final.jar;C:\Users\mocev\.m2\repository\io\netty\netty-buffer\4.1.100.Final\netty-buffer-4.1.100.Final.jar;C:\Users\mocev\.m2\repository\io\netty\netty-handler\4.1.100.Final\netty-handler-4.1.100.Final.jar;C:\Users\mocev\.m2\repository\io\netty\netty-transport-native-unix-common\4.1.100.Final\netty-transport-native-unix-common-4.1.100.Final.jar;C:\Users\mocev\.m2\repository\io\netty\netty-transport-classes-epoll\4.1.100.Final\netty-transport-classes-epoll-4.1.100.Final.jar;C:\Users\mocev\.m2\repository\io\netty\netty-resolver\4.1.100.Final\netty-resolver-4.1.100.Final.jar;C:\Users\mocev\.m2\repository\org\junit\jupiter\junit-jupiter-api\5.11.0-M2\junit-jupiter-api-5.11.0-M2.jar;C:\Users\mocev\.m2\repository\org\opentest4j\opentest4j\1.3.0\opentest4j-1.3.0.jar;C:\Users\mocev\.m2\repository\org\junit\platform\junit-platform-commons\1.11.0-M2\junit-platform-commons-1.11.0-M2.jar;C:\Users\mocev\.m2\repository\org\apiguardian\apiguardian-api\1.1.2\apiguardian-api-1.1.2.jar;C:\Users\mocev\.m2\repository\junit\junit\4.12\junit-4.12.jar;C:\Users\mocev\.m2\repository\org\hamcrest\hamcrest-core\1.3\hamcrest-core-1.3.jar;C:\Users\mocev\.m2\repository\org\junit\jupiter\junit-jupiter-params\5.11.0-M1\junit-jupiter-params-5.11.0-M1.jar;"/>
    <property name="sun.awt.enableExtraMouseButtons" value="true"/>
    <property name="java.vm.vendor" value="Oracle Corporation"/>
    <property name="sun.arch.data.model" value="64"/>
    <property name="user.variant" value=""/>
    <property name="java.vendor.url" value="https://java.oracle.com/"/>
    <property name="user.timezone" value="Europe/Rome"/>
    <property name="user.country.format" value="IT"/>
    <property name="os.name" value="Windows 11"/>
    <property name="java.vm.specification.version" value="22"/>
    <property name="sun.java.launcher" value="SUN_STANDARD"/>
    <property name="user.country" value="GB"/>
    <property name="sun.boot.library.path" value="C:\Program Files\Java\jdk-22\bin"/>
    <property name="sun.java.command" value="C:\Users\mocev\AppData\Local\Temp\surefire16863811625028016007\surefirebooter-20240705140107898_3.jar C:\Users\mocev\AppData\Local\Temp\surefire16863811625028016007 2024-07-05T14-01-07_701-jvmRun1 surefire-20240705140107898_1tmp surefire_0-20240705140107898_2tmp"/>
    <property name="jdk.debug" value="release"/>
    <property name="surefire.test.class.path" value="C:\Users\mocev\Documents\GitHub\ProgettoEDIDS\target\test-classes;C:\Users\mocev\Documents\GitHub\ProgettoEDIDS\target\classes;C:\Users\mocev\.m2\repository\com\amazonaws\aws-java-sdk-core\1.12.733\aws-java-sdk-core-1.12.733.jar;C:\Users\mocev\.m2\repository\commons-logging\commons-logging\1.1.3\commons-logging-1.1.3.jar;C:\Users\mocev\.m2\repository\commons-codec\commons-codec\1.15\commons-codec-1.15.jar;C:\Users\mocev\.m2\repository\org\apache\httpcomponents\httpclient\4.5.13\httpclient-4.5.13.jar;C:\Users\mocev\.m2\repository\org\apache\httpcomponents\httpcore\4.4.13\httpcore-4.4.13.jar;C:\Users\mocev\.m2\repository\com\fasterxml\jackson\core\jackson-databind\2.12.7.2\jackson-databind-2.12.7.2.jar;C:\Users\mocev\.m2\repository\com\fasterxml\jackson\core\jackson-annotations\2.12.7\jackson-annotations-2.12.7.jar;C:\Users\mocev\.m2\repository\com\fasterxml\jackson\core\jackson-core\2.12.7\jackson-core-2.12.7.jar;C:\Users\mocev\.m2\repository\com\fasterxml\jackson\dataformat\jackson-dataformat-cbor\2.12.6\jackson-dataformat-cbor-2.12.6.jar;C:\Users\mocev\.m2\repository\joda-time\joda-time\2.12.7\joda-time-2.12.7.jar;C:\Users\mocev\.m2\repository\com\amazonaws\aws-java-sdk-s3\1.12.733\aws-java-sdk-s3-1.12.733.jar;C:\Users\mocev\.m2\repository\com\amazonaws\aws-java-sdk-kms\1.12.411\aws-java-sdk-kms-1.12.411.jar;C:\Users\mocev\.m2\repository\com\amazonaws\jmespath-java\1.12.411\jmespath-java-1.12.411.jar;C:\Users\mocev\.m2\repository\org\slf4j\slf4j-api\1.7.32\slf4j-api-1.7.32.jar;C:\Users\mocev\.m2\repository\org\slf4j\slf4j-simple\1.7.32\slf4j-simple-1.7.32.jar;C:\Users\mocev\.m2\repository\javax\xml\bind\jaxb-api\2.4.0-b180830.0359\jaxb-api-2.4.0-b180830.0359.jar;C:\Users\mocev\.m2\repository\javax\activation\javax.activation-api\1.2.0\javax.activation-api-1.2.0.jar;C:\Users\mocev\.m2\repository\software\amazon\awssdk\s3\2.22.0\s3-2.22.0.jar;C:\Users\mocev\.m2\repository\software\amazon\awssdk\aws-xml-protocol\2.22.0\aws-xml-protocol-2.22.0.jar;C:\Users\mocev\.m2\repository\software\amazon\awssdk\aws-query-protocol\2.22.0\aws-query-protocol-2.22.0.jar;C:\Users\mocev\.m2\repository\software\amazon\awssdk\protocol-core\2.22.0\protocol-core-2.22.0.jar;C:\Users\mocev\.m2\repository\software\amazon\awssdk\arns\2.22.0\arns-2.22.0.jar;C:\Users\mocev\.m2\repository\software\amazon\awssdk\profiles\2.22.0\profiles-2.22.0.jar;C:\Users\mocev\.m2\repository\software\amazon\awssdk\crt-core\2.22.0\crt-core-2.22.0.jar;C:\Users\mocev\.m2\repository\software\amazon\awssdk\http-auth\2.22.0\http-auth-2.22.0.jar;C:\Users\mocev\.m2\repository\software\amazon\awssdk\identity-spi\2.22.0\identity-spi-2.22.0.jar;C:\Users\mocev\.m2\repository\software\amazon\awssdk\http-auth-spi\2.22.0\http-auth-spi-2.22.0.jar;C:\Users\mocev\.m2\repository\org\reactivestreams\reactive-streams\1.0.4\reactive-streams-1.0.4.jar;C:\Users\mocev\.m2\repository\software\amazon\awssdk\http-auth-aws\2.22.0\http-auth-aws-2.22.0.jar;C:\Users\mocev\.m2\repository\software\amazon\awssdk\checksums\2.22.0\checksums-2.22.0.jar;C:\Users\mocev\.m2\repository\software\amazon\awssdk\checksums-spi\2.22.0\checksums-spi-2.22.0.jar;C:\Users\mocev\.m2\repository\software\amazon\awssdk\sdk-core\2.22.0\sdk-core-2.22.0.jar;C:\Users\mocev\.m2\repository\software\amazon\awssdk\auth\2.22.0\auth-2.22.0.jar;C:\Users\mocev\.m2\repository\software\amazon\eventstream\eventstream\1.0.1\eventstream-1.0.1.jar;C:\Users\mocev\.m2\repository\software\amazon\awssdk\http-client-spi\2.22.0\http-client-spi-2.22.0.jar;C:\Users\mocev\.m2\repository\software\amazon\awssdk\regions\2.22.0\regions-2.22.0.jar;C:\Users\mocev\.m2\repository\software\amazon\awssdk\annotations\2.22.0\annotations-2.22.0.jar;C:\Users\mocev\.m2\repository\software\amazon\awssdk\utils\2.22.0\utils-2.22.0.jar;C:\Users\mocev\.m2\repository\software\amazon\awssdk\aws-core\2.22.0\aws-core-2.22.0.jar;C:\Users\mocev\.m2\repository\software\amazon\awssdk\metrics-spi\2.22.0\metrics-spi-2.22.0.jar;C:\Users\mocev\.m2\repository\software\amazon\awssdk\json-utils\2.22.0\json-utils-2.22.0.jar;C:\Users\mocev\.m2\repository\software\amazon\awssdk\third-party-jackson-core\2.22.0\third-party-jackson-core-2.22.0.jar;C:\Users\mocev\.m2\repository\software\amazon\awssdk\endpoints-spi\2.22.0\endpoints-spi-2.22.0.jar;C:\Users\mocev\.m2\repository\software\amazon\awssdk\apache-client\2.22.0\apache-client-2.22.0.jar;C:\Users\mocev\.m2\repository\software\amazon\awssdk\netty-nio-client\2.22.0\netty-nio-client-2.22.0.jar;C:\Users\mocev\.m2\repository\io\netty\netty-codec-http\4.1.100.Final\netty-codec-http-4.1.100.Final.jar;C:\Users\mocev\.m2\repository\io\netty\netty-codec-http2\4.1.100.Final\netty-codec-http2-4.1.100.Final.jar;C:\Users\mocev\.m2\repository\io\netty\netty-codec\4.1.100.Final\netty-codec-4.1.100.Final.jar;C:\Users\mocev\.m2\repository\io\netty\netty-transport\4.1.100.Final\netty-transport-4.1.100.Final.jar;C:\Users\mocev\.m2\repository\io\netty\netty-common\4.1.100.Final\netty-common-4.1.100.Final.jar;C:\Users\mocev\.m2\repository\io\netty\netty-buffer\4.1.100.Final\netty-buffer-4.1.100.Final.jar;C:\Users\mocev\.m2\repository\io\netty\netty-handler\4.1.100.Final\netty-handler-4.1.100.Final.jar;C:\Users\mocev\.m2\repository\io\netty\netty-transport-native-unix-common\4.1.100.Final\netty-transport-native-unix-common-4.1.100.Final.jar;C:\Users\mocev\.m2\repository\io\netty\netty-transport-classes-epoll\4.1.100.Final\netty-transport-classes-epoll-4.1.100.Final.jar;C:\Users\mocev\.m2\repository\io\netty\netty-resolver\4.1.100.Final\netty-resolver-4.1.100.Final.jar;C:\Users\mocev\.m2\repository\org\junit\jupiter\junit-jupiter-api\5.11.0-M2\junit-jupiter-api-5.11.0-M2.jar;C:\Users\mocev\.m2\repository\org\opentest4j\opentest4j\1.3.0\opentest4j-1.3.0.jar;C:\Users\mocev\.m2\repository\org\junit\platform\junit-platform-commons\1.11.0-M2\junit-platform-commons-1.11.0-M2.jar;C:\Users\mocev\.m2\repository\org\apiguardian\apiguardian-api\1.1.2\apiguardian-api-1.1.2.jar;C:\Users\mocev\.m2\repository\junit\junit\4.12\junit-4.12.jar;C:\Users\mocev\.m2\repository\org\hamcrest\hamcrest-core\1.3\hamcrest-core-1.3.jar;C:\Users\mocev\.m2\repository\org\junit\jupiter\junit-jupiter-params\5.11.0-M1\junit-jupiter-params-5.11.0-M1.jar;"/>
    <property name="sun.cpu.endian" value="little"/>
    <property name="user.home" value="C:\Users\mocev"/>
    <property name="user.language" value="en"/>
    <property name="java.specification.vendor" value="Oracle Corporation"/>
    <property name="java.version.date" value="2024-04-16"/>
    <property name="java.home" value="C:\Program Files\Java\jdk-22"/>
    <property name="file.separator" value="\"/>
    <property name="basedir" value="C:\Users\mocev\Documents\GitHub\ProgettoEDIDS"/>
    <property name="java.vm.compressedOopsMode" value="Zero based"/>
    <property name="line.separator" value="&#10;"/>
    <property name="java.vm.specification.vendor" value="Oracle Corporation"/>
    <property name="java.specification.name" value="Java Platform API Specification"/>
    <property name="surefire.real.class.path" value="C:\Users\mocev\AppData\Local\Temp\surefire16863811625028016007\surefirebooter-20240705140107898_3.jar"/>
    <property name="user.script" value=""/>
    <property name="sun.management.compiler" value="HotSpot 64-Bit Tiered Compilers"/>
    <property name="java.runtime.version" value="22.0.1+8-16"/>
    <property name="user.name" value="mocev"/>
    <property name="stdout.encoding" value="Cp1252"/>
    <property name="path.separator" value=";"/>
    <property name="os.version" value="10.0"/>
    <property name="java.runtime.name" value="Java(TM) SE Runtime Environment"/>
    <property name="file.encoding" value="UTF-8"/>
    <property name="java.vm.name" value="Java HotSpot(TM) 64-Bit Server VM"/>
    <property name="localRepository" value="C:\Users\mocev\.m2\repository"/>
    <property name="java.vendor.url.bug" value="https://bugreport.java.com/bugreport/"/>
    <property name="java.io.tmpdir" value="C:\Users\mocev\AppData\Local\Temp\"/>
    <property name="java.version" value="22.0.1"/>
    <property name="user.dir" value="C:\Users\mocev\AppData\Local\Temp\junit-12905471486678153714"/>
    <property name="os.arch" value="amd64"/>
    <property name="java.vm.specification.name" value="Java Virtual Machine Specification"/>
    <property name="user.language.format" value="it"/>
    <property name="sun.os.patch.level" value=""/>
    <property name="native.encoding" value="Cp1252"/>
    <property name="java.library.path" value="C:\Program Files\Java\jdk-22\bin;C:\windows\Sun\Java\bin;C:\windows\system32;C:\windows;C:\Program Files (x86)\Razer\ChromaBroadcast\bin;C:\Program Files\Razer\ChromaBroadcast\bin;C:\Program Files (x86)\Razer Chroma SDK\bin;C:\Program Files\Razer Chroma SDK\bin;C:\Program Files\Common Files\Oracle\Java\javapath;C:\Program Files (x86)\Common Files\Oracle\Java\java8path;C:\Program Files (x86)\Common Files\Oracle\Java\javapath;C:\Users\mocev\Desktop\server.jar;C:\Users\mocev\Desktop\javserver\server.jar;C:\Users\mocev\AppData\Local\Programs\Microsoft VS Code\bin;C:\msys64\ucrt64\bin;C:\windows\system32\config\systemprofile\AppData\Local\Microsoft\WindowsApps;C:\Program Files\Git\cmd;C:\Users\mocev\Downloads\apache-maven-4.0.0-beta-3-bin\apache-maven-4.0.0-beta-3\bin;C:\Users\mocev\Desktop\javserver\server.jar;C:\Users\mocev\AppData\Local\Programs\Microsoft VS Code\bin;C:\msys64\ucrt64\bin;C:\Program Files\JetBrains\IntelliJ IDEA 2024.1.2\bin;;C:\Users\mocev\Downloads\apache-maven-4.0.0-beta-3-bin\apache-maven-4.0.0-beta-3\bin;;."/>
    <property name="java.vm.info" value="mixed mode, sharing"/>
    <property name="stderr.encoding" value="Cp1252"/>
    <property name="java.vendor" value="Oracle Corporation"/>
    <property name="java.vm.version" value="22.0.1+8-16"/>
    <property name="sun.io.unicode.encoding" value="UnicodeLittle"/>
    <property name="java.class.version" value="66.0"/>
  </properties>
  <testcase name="testManageTextInputSave" classname="UI.choiceHandlerTest" time="0.004"/>
  <testcase name="testSetFileSave" classname="UI.choiceHandlerTest" time="0.002"/>
  <testcase name="testSetLoad" classname="UI.choiceHandlerTest" time="0.063"/>
</testsuite>