<?xml version="1.0" encoding="UTF-8"?>
<testsuite xmlns:xsi="http://www.w3.org/2001/XMLSchema-instance" xsi:noNamespaceSchemaLocation="https://maven.apache.org/surefire/maven-surefire-plugin/xsd/surefire-test-report-3.0.xsd" version="3.0" name="UI.visibilityManagerTest" time="0.017" tests="4" errors="0" skipped="0" failures="0">
  <properties>
    <property name="java.specification.version" value="21"/>
    <property name="sun.jnu.encoding" value="UTF-8"/>
    <property name="sun.awt.enableExtraMouseButtons" value="true"/>
    <property name="java.class.path" value="/home/andreazanin/IdeaProjects/DungeonUnipd/target/test-classes:/home/andreazanin/IdeaProjects/DungeonUnipd/target/classes:/home/andreazanin/.m2/repository/software/amazon/awssdk/s3/2.22.0/s3-2.22.0.jar:/home/andreazanin/.m2/repository/software/amazon/awssdk/aws-xml-protocol/2.22.0/aws-xml-protocol-2.22.0.jar:/home/andreazanin/.m2/repository/software/amazon/awssdk/aws-query-protocol/2.22.0/aws-query-protocol-2.22.0.jar:/home/andreazanin/.m2/repository/software/amazon/awssdk/protocol-core/2.22.0/protocol-core-2.22.0.jar:/home/andreazanin/.m2/repository/software/amazon/awssdk/arns/2.22.0/arns-2.22.0.jar:/home/andreazanin/.m2/repository/software/amazon/awssdk/profiles/2.22.0/profiles-2.22.0.jar:/home/andreazanin/.m2/repository/software/amazon/awssdk/crt-core/2.22.0/crt-core-2.22.0.jar:/home/andreazanin/.m2/repository/software/amazon/awssdk/http-auth/2.22.0/http-auth-2.22.0.jar:/home/andreazanin/.m2/repository/software/amazon/awssdk/identity-spi/2.22.0/identity-spi-2.22.0.jar:/home/andreazanin/.m2/repository/software/amazon/awssdk/http-auth-spi/2.22.0/http-auth-spi-2.22.0.jar:/home/andreazanin/.m2/repository/org/reactivestreams/reactive-streams/1.0.4/reactive-streams-1.0.4.jar:/home/andreazanin/.m2/repository/software/amazon/awssdk/http-auth-aws/2.22.0/http-auth-aws-2.22.0.jar:/home/andreazanin/.m2/repository/software/amazon/awssdk/checksums/2.22.0/checksums-2.22.0.jar:/home/andreazanin/.m2/repository/software/amazon/awssdk/checksums-spi/2.22.0/checksums-spi-2.22.0.jar:/home/andreazanin/.m2/repository/software/amazon/awssdk/sdk-core/2.22.0/sdk-core-2.22.0.jar:/home/andreazanin/.m2/repository/software/amazon/awssdk/auth/2.22.0/auth-2.22.0.jar:/home/andreazanin/.m2/repository/software/amazon/eventstream/eventstream/1.0.1/eventstream-1.0.1.jar:/home/andreazanin/.m2/repository/software/amazon/awssdk/http-client-spi/2.22.0/http-client-spi-2.22.0.jar:/home/andreazanin/.m2/repository/software/amazon/awssdk/regions/2.22.0/regions-2.22.0.jar:/home/andreazanin/.m2/repository/software/amazon/awssdk/annotations/2.22.0/annotations-2.22.0.jar:/home/andreazanin/.m2/repository/software/amazon/awssdk/utils/2.22.0/utils-2.22.0.jar:/home/andreazanin/.m2/repository/software/amazon/awssdk/aws-core/2.22.0/aws-core-2.22.0.jar:/home/andreazanin/.m2/repository/software/amazon/awssdk/metrics-spi/2.22.0/metrics-spi-2.22.0.jar:/home/andreazanin/.m2/repository/software/amazon/awssdk/json-utils/2.22.0/json-utils-2.22.0.jar:/home/andreazanin/.m2/repository/software/amazon/awssdk/third-party-jackson-core/2.22.0/third-party-jackson-core-2.22.0.jar:/home/andreazanin/.m2/repository/software/amazon/awssdk/endpoints-spi/2.22.0/endpoints-spi-2.22.0.jar:/home/andreazanin/.m2/repository/software/amazon/awssdk/apache-client/2.22.0/apache-client-2.22.0.jar:/home/andreazanin/.m2/repository/org/apache/httpcomponents/httpclient/4.5.13/httpclient-4.5.13.jar:/home/andreazanin/.m2/repository/org/apache/httpcomponents/httpcore/4.4.13/httpcore-4.4.13.jar:/home/andreazanin/.m2/repository/commons-codec/commons-codec/1.15/commons-codec-1.15.jar:/home/andreazanin/.m2/repository/software/amazon/awssdk/netty-nio-client/2.22.0/netty-nio-client-2.22.0.jar:/home/andreazanin/.m2/repository/io/netty/netty-codec-http/4.1.100.Final/netty-codec-http-4.1.100.Final.jar:/home/andreazanin/.m2/repository/io/netty/netty-codec-http2/4.1.100.Final/netty-codec-http2-4.1.100.Final.jar:/home/andreazanin/.m2/repository/io/netty/netty-codec/4.1.100.Final/netty-codec-4.1.100.Final.jar:/home/andreazanin/.m2/repository/io/netty/netty-transport/4.1.100.Final/netty-transport-4.1.100.Final.jar:/home/andreazanin/.m2/repository/io/netty/netty-common/4.1.100.Final/netty-common-4.1.100.Final.jar:/home/andreazanin/.m2/repository/io/netty/netty-buffer/4.1.100.Final/netty-buffer-4.1.100.Final.jar:/home/andreazanin/.m2/repository/io/netty/netty-handler/4.1.100.Final/netty-handler-4.1.100.Final.jar:/home/andreazanin/.m2/repository/io/netty/netty-transport-native-unix-common/4.1.100.Final/netty-transport-native-unix-common-4.1.100.Final.jar:/home/andreazanin/.m2/repository/io/netty/netty-transport-classes-epoll/4.1.100.Final/netty-transport-classes-epoll-4.1.100.Final.jar:/home/andreazanin/.m2/repository/io/netty/netty-resolver/4.1.100.Final/netty-resolver-4.1.100.Final.jar:/home/andreazanin/.m2/repository/com/amazonaws/aws-java-sdk-s3/1.12.733/aws-java-sdk-s3-1.12.733.jar:/home/andreazanin/.m2/repository/com/amazonaws/aws-java-sdk-kms/1.12.733/aws-java-sdk-kms-1.12.733.jar:/home/andreazanin/.m2/repository/com/amazonaws/aws-java-sdk-core/1.12.733/aws-java-sdk-core-1.12.733.jar:/home/andreazanin/.m2/repository/commons-logging/commons-logging/1.1.3/commons-logging-1.1.3.jar:/home/andreazanin/.m2/repository/com/fasterxml/jackson/core/jackson-databind/2.12.7.2/jackson-databind-2.12.7.2.jar:/home/andreazanin/.m2/repository/com/fasterxml/jackson/core/jackson-annotations/2.12.7/jackson-annotations-2.12.7.jar:/home/andreazanin/.m2/repository/com/fasterxml/jackson/core/jackson-core/2.12.7/jackson-core-2.12.7.jar:/home/andreazanin/.m2/repository/com/fasterxml/jackson/dataformat/jackson-dataformat-cbor/2.12.6/jackson-dataformat-cbor-2.12.6.jar:/home/andreazanin/.m2/repository/joda-time/joda-time/2.12.7/joda-time-2.12.7.jar:/home/andreazanin/.m2/repository/com/amazonaws/jmespath-java/1.12.733/jmespath-java-1.12.733.jar:/home/andreazanin/.m2/repository/aws/sdk/kotlin/aws-config-jvm/1.2.46/aws-config-jvm-1.2.46.jar:/home/andreazanin/.m2/repository/org/jetbrains/kotlin/kotlin-stdlib/1.9.23/kotlin-stdlib-1.9.23.jar:/home/andreazanin/.m2/repository/org/jetbrains/annotations/13.0/annotations-13.0.jar:/home/andreazanin/.m2/repository/aws/sdk/kotlin/aws-core-jvm/1.2.46/aws-core-jvm-1.2.46.jar:/home/andreazanin/.m2/repository/aws/smithy/kotlin/aws-credentials-jvm/1.2.11/aws-credentials-jvm-1.2.11.jar:/home/andreazanin/.m2/repository/aws/smithy/kotlin/http-client-jvm/1.2.11/http-client-jvm-1.2.11.jar:/home/andreazanin/.m2/repository/aws/smithy/kotlin/http-jvm/1.2.11/http-jvm-1.2.11.jar:/home/andreazanin/.m2/repository/aws/smithy/kotlin/http-auth-jvm/1.2.11/http-auth-jvm-1.2.11.jar:/home/andreazanin/.m2/repository/aws/smithy/kotlin/http-auth-api-jvm/1.2.11/http-auth-api-jvm-1.2.11.jar:/home/andreazanin/.m2/repository/aws/smithy/kotlin/telemetry-api-jvm/1.2.11/telemetry-api-jvm-1.2.11.jar:/home/andreazanin/.m2/repository/aws/smithy/kotlin/http-client-engine-default-jvm/1.2.11/http-client-engine-default-jvm-1.2.11.jar:/home/andreazanin/.m2/repository/aws/smithy/kotlin/http-client-engine-okhttp-jvm/1.2.11/http-client-engine-okhttp-jvm-1.2.11.jar:/home/andreazanin/.m2/repository/com/squareup/okhttp3/okhttp/5.0.0-alpha.14/okhttp-5.0.0-alpha.14.jar:/home/andreazanin/.m2/repository/com/squareup/okhttp3/okhttp-coroutines/5.0.0-alpha.14/okhttp-coroutines-5.0.0-alpha.14.jar:/home/andreazanin/.m2/repository/aws/smithy/kotlin/serde-json-jvm/1.2.11/serde-json-jvm-1.2.11.jar:/home/andreazanin/.m2/repository/aws/smithy/kotlin/aws-protocol-core-jvm/1.2.11/aws-protocol-core-jvm-1.2.11.jar:/home/andreazanin/.m2/repository/aws/smithy/kotlin/aws-signing-common-jvm/1.2.11/aws-signing-common-jvm-1.2.11.jar:/home/andreazanin/.m2/repository/aws/smithy/kotlin/aws-signing-default-jvm/1.2.11/aws-signing-default-jvm-1.2.11.jar:/home/andreazanin/.m2/repository/aws/smithy/kotlin/http-auth-aws-jvm/1.2.11/http-auth-aws-jvm-1.2.11.jar:/home/andreazanin/.m2/repository/aws/smithy/kotlin/identity-api-jvm/1.2.11/identity-api-jvm-1.2.11.jar:/home/andreazanin/.m2/repository/aws/smithy/kotlin/runtime-core-jvm/1.2.11/runtime-core-jvm-1.2.11.jar:/home/andreazanin/.m2/repository/com/squareup/okio/okio-jvm/3.9.0/okio-jvm-3.9.0.jar:/home/andreazanin/.m2/repository/aws/smithy/kotlin/serde-jvm/1.2.11/serde-jvm-1.2.11.jar:/home/andreazanin/.m2/repository/aws/smithy/kotlin/smithy-client-jvm/1.2.11/smithy-client-jvm-1.2.11.jar:/home/andreazanin/.m2/repository/aws/smithy/kotlin/telemetry-defaults-jvm/1.2.11/telemetry-defaults-jvm-1.2.11.jar:/home/andreazanin/.m2/repository/aws/smithy/kotlin/logging-slf4j2-jvm/1.2.11/logging-slf4j2-jvm-1.2.11.jar:/home/andreazanin/.m2/repository/aws/sdk/kotlin/aws-endpoint-jvm/1.2.46/aws-endpoint-jvm-1.2.46.jar:/home/andreazanin/.m2/repository/aws/smithy/kotlin/serde-xml-jvm/1.2.11/serde-xml-jvm-1.2.11.jar:/home/andreazanin/.m2/repository/aws/smithy/kotlin/serde-form-url-jvm/1.2.11/serde-form-url-jvm-1.2.11.jar:/home/andreazanin/.m2/repository/aws/smithy/kotlin/aws-xml-protocols-jvm/1.2.11/aws-xml-protocols-jvm-1.2.11.jar:/home/andreazanin/.m2/repository/aws/smithy/kotlin/aws-json-protocols-jvm/1.2.11/aws-json-protocols-jvm-1.2.11.jar:/home/andreazanin/.m2/repository/org/jetbrains/kotlinx/kotlinx-coroutines-core-jvm/1.7.3/kotlinx-coroutines-core-jvm-1.7.3.jar:/home/andreazanin/.m2/repository/org/jetbrains/kotlin/kotlin-stdlib-common/1.8.20/kotlin-stdlib-common-1.8.20.jar:/home/andreazanin/.m2/repository/org/jetbrains/kotlin/kotlin-stdlib-jdk8/1.8.20/kotlin-stdlib-jdk8-1.8.20.jar:/home/andreazanin/.m2/repository/org/jetbrains/kotlin/kotlin-stdlib-jdk7/1.8.20/kotlin-stdlib-jdk7-1.8.20.jar:/home/andreazanin/.m2/repository/aws/sdk/kotlin/aws-http-jvm/1.2.46/aws-http-jvm-1.2.46.jar:/home/andreazanin/.m2/repository/org/slf4j/slf4j-api/1.7.32/slf4j-api-1.7.32.jar:/home/andreazanin/.m2/repository/org/slf4j/slf4j-simple/1.7.32/slf4j-simple-1.7.32.jar:/home/andreazanin/.m2/repository/org/junit/jupiter/junit-jupiter-api/5.11.0-M2/junit-jupiter-api-5.11.0-M2.jar:/home/andreazanin/.m2/repository/org/opentest4j/opentest4j/1.3.0/opentest4j-1.3.0.jar:/home/andreazanin/.m2/repository/org/junit/platform/junit-platform-commons/1.11.0-M2/junit-platform-commons-1.11.0-M2.jar:/home/andreazanin/.m2/repository/org/apiguardian/apiguardian-api/1.1.2/apiguardian-api-1.1.2.jar:/home/andreazanin/.m2/repository/org/junit/jupiter/junit-jupiter-params/5.11.0-M1/junit-jupiter-params-5.11.0-M1.jar:/home/andreazanin/.m2/repository/junit/junit/4.12/junit-4.12.jar:/home/andreazanin/.m2/repository/org/hamcrest/hamcrest-core/1.3/hamcrest-core-1.3.jar:"/>
    <property name="java.vm.vendor" value="Red Hat, Inc."/>
    <property name="sun.arch.data.model" value="64"/>
    <property name="java.vendor.url" value="https://www.redhat.com/"/>
    <property name="os.name" value="Linux"/>
    <property name="java.vm.specification.version" value="21"/>
    <property name="sun.java.launcher" value="SUN_STANDARD"/>
    <property name="user.country" value="US"/>
    <property name="sun.boot.library.path" value="/usr/lib/jvm/java-21-openjdk-21.0.3.0.9-1.fc40.x86_64/lib"/>
    <property name="sun.java.command" value="/home/andreazanin/IdeaProjects/DungeonUnipd/target/surefire/surefirebooter-20240706172309079_3.jar /home/andreazanin/IdeaProjects/DungeonUnipd/target/surefire 2024-07-06T17-23-08_923-jvmRun1 surefire-20240706172309079_1tmp surefire_0-20240706172309079_2tmp"/>
    <property name="jdk.debug" value="release"/>
    <property name="surefire.test.class.path" value="/home/andreazanin/IdeaProjects/DungeonUnipd/target/test-classes:/home/andreazanin/IdeaProjects/DungeonUnipd/target/classes:/home/andreazanin/.m2/repository/software/amazon/awssdk/s3/2.22.0/s3-2.22.0.jar:/home/andreazanin/.m2/repository/software/amazon/awssdk/aws-xml-protocol/2.22.0/aws-xml-protocol-2.22.0.jar:/home/andreazanin/.m2/repository/software/amazon/awssdk/aws-query-protocol/2.22.0/aws-query-protocol-2.22.0.jar:/home/andreazanin/.m2/repository/software/amazon/awssdk/protocol-core/2.22.0/protocol-core-2.22.0.jar:/home/andreazanin/.m2/repository/software/amazon/awssdk/arns/2.22.0/arns-2.22.0.jar:/home/andreazanin/.m2/repository/software/amazon/awssdk/profiles/2.22.0/profiles-2.22.0.jar:/home/andreazanin/.m2/repository/software/amazon/awssdk/crt-core/2.22.0/crt-core-2.22.0.jar:/home/andreazanin/.m2/repository/software/amazon/awssdk/http-auth/2.22.0/http-auth-2.22.0.jar:/home/andreazanin/.m2/repository/software/amazon/awssdk/identity-spi/2.22.0/identity-spi-2.22.0.jar:/home/andreazanin/.m2/repository/software/amazon/awssdk/http-auth-spi/2.22.0/http-auth-spi-2.22.0.jar:/home/andreazanin/.m2/repository/org/reactivestreams/reactive-streams/1.0.4/reactive-streams-1.0.4.jar:/home/andreazanin/.m2/repository/software/amazon/awssdk/http-auth-aws/2.22.0/http-auth-aws-2.22.0.jar:/home/andreazanin/.m2/repository/software/amazon/awssdk/checksums/2.22.0/checksums-2.22.0.jar:/home/andreazanin/.m2/repository/software/amazon/awssdk/checksums-spi/2.22.0/checksums-spi-2.22.0.jar:/home/andreazanin/.m2/repository/software/amazon/awssdk/sdk-core/2.22.0/sdk-core-2.22.0.jar:/home/andreazanin/.m2/repository/software/amazon/awssdk/auth/2.22.0/auth-2.22.0.jar:/home/andreazanin/.m2/repository/software/amazon/eventstream/eventstream/1.0.1/eventstream-1.0.1.jar:/home/andreazanin/.m2/repository/software/amazon/awssdk/http-client-spi/2.22.0/http-client-spi-2.22.0.jar:/home/andreazanin/.m2/repository/software/amazon/awssdk/regions/2.22.0/regions-2.22.0.jar:/home/andreazanin/.m2/repository/software/amazon/awssdk/annotations/2.22.0/annotations-2.22.0.jar:/home/andreazanin/.m2/repository/software/amazon/awssdk/utils/2.22.0/utils-2.22.0.jar:/home/andreazanin/.m2/repository/software/amazon/awssdk/aws-core/2.22.0/aws-core-2.22.0.jar:/home/andreazanin/.m2/repository/software/amazon/awssdk/metrics-spi/2.22.0/metrics-spi-2.22.0.jar:/home/andreazanin/.m2/repository/software/amazon/awssdk/json-utils/2.22.0/json-utils-2.22.0.jar:/home/andreazanin/.m2/repository/software/amazon/awssdk/third-party-jackson-core/2.22.0/third-party-jackson-core-2.22.0.jar:/home/andreazanin/.m2/repository/software/amazon/awssdk/endpoints-spi/2.22.0/endpoints-spi-2.22.0.jar:/home/andreazanin/.m2/repository/software/amazon/awssdk/apache-client/2.22.0/apache-client-2.22.0.jar:/home/andreazanin/.m2/repository/org/apache/httpcomponents/httpclient/4.5.13/httpclient-4.5.13.jar:/home/andreazanin/.m2/repository/org/apache/httpcomponents/httpcore/4.4.13/httpcore-4.4.13.jar:/home/andreazanin/.m2/repository/commons-codec/commons-codec/1.15/commons-codec-1.15.jar:/home/andreazanin/.m2/repository/software/amazon/awssdk/netty-nio-client/2.22.0/netty-nio-client-2.22.0.jar:/home/andreazanin/.m2/repository/io/netty/netty-codec-http/4.1.100.Final/netty-codec-http-4.1.100.Final.jar:/home/andreazanin/.m2/repository/io/netty/netty-codec-http2/4.1.100.Final/netty-codec-http2-4.1.100.Final.jar:/home/andreazanin/.m2/repository/io/netty/netty-codec/4.1.100.Final/netty-codec-4.1.100.Final.jar:/home/andreazanin/.m2/repository/io/netty/netty-transport/4.1.100.Final/netty-transport-4.1.100.Final.jar:/home/andreazanin/.m2/repository/io/netty/netty-common/4.1.100.Final/netty-common-4.1.100.Final.jar:/home/andreazanin/.m2/repository/io/netty/netty-buffer/4.1.100.Final/netty-buffer-4.1.100.Final.jar:/home/andreazanin/.m2/repository/io/netty/netty-handler/4.1.100.Final/netty-handler-4.1.100.Final.jar:/home/andreazanin/.m2/repository/io/netty/netty-transport-native-unix-common/4.1.100.Final/netty-transport-native-unix-common-4.1.100.Final.jar:/home/andreazanin/.m2/repository/io/netty/netty-transport-classes-epoll/4.1.100.Final/netty-transport-classes-epoll-4.1.100.Final.jar:/home/andreazanin/.m2/repository/io/netty/netty-resolver/4.1.100.Final/netty-resolver-4.1.100.Final.jar:/home/andreazanin/.m2/repository/com/amazonaws/aws-java-sdk-s3/1.12.733/aws-java-sdk-s3-1.12.733.jar:/home/andreazanin/.m2/repository/com/amazonaws/aws-java-sdk-kms/1.12.733/aws-java-sdk-kms-1.12.733.jar:/home/andreazanin/.m2/repository/com/amazonaws/aws-java-sdk-core/1.12.733/aws-java-sdk-core-1.12.733.jar:/home/andreazanin/.m2/repository/commons-logging/commons-logging/1.1.3/commons-logging-1.1.3.jar:/home/andreazanin/.m2/repository/com/fasterxml/jackson/core/jackson-databind/2.12.7.2/jackson-databind-2.12.7.2.jar:/home/andreazanin/.m2/repository/com/fasterxml/jackson/core/jackson-annotations/2.12.7/jackson-annotations-2.12.7.jar:/home/andreazanin/.m2/repository/com/fasterxml/jackson/core/jackson-core/2.12.7/jackson-core-2.12.7.jar:/home/andreazanin/.m2/repository/com/fasterxml/jackson/dataformat/jackson-dataformat-cbor/2.12.6/jackson-dataformat-cbor-2.12.6.jar:/home/andreazanin/.m2/repository/joda-time/joda-time/2.12.7/joda-time-2.12.7.jar:/home/andreazanin/.m2/repository/com/amazonaws/jmespath-java/1.12.733/jmespath-java-1.12.733.jar:/home/andreazanin/.m2/repository/aws/sdk/kotlin/aws-config-jvm/1.2.46/aws-config-jvm-1.2.46.jar:/home/andreazanin/.m2/repository/org/jetbrains/kotlin/kotlin-stdlib/1.9.23/kotlin-stdlib-1.9.23.jar:/home/andreazanin/.m2/repository/org/jetbrains/annotations/13.0/annotations-13.0.jar:/home/andreazanin/.m2/repository/aws/sdk/kotlin/aws-core-jvm/1.2.46/aws-core-jvm-1.2.46.jar:/home/andreazanin/.m2/repository/aws/smithy/kotlin/aws-credentials-jvm/1.2.11/aws-credentials-jvm-1.2.11.jar:/home/andreazanin/.m2/repository/aws/smithy/kotlin/http-client-jvm/1.2.11/http-client-jvm-1.2.11.jar:/home/andreazanin/.m2/repository/aws/smithy/kotlin/http-jvm/1.2.11/http-jvm-1.2.11.jar:/home/andreazanin/.m2/repository/aws/smithy/kotlin/http-auth-jvm/1.2.11/http-auth-jvm-1.2.11.jar:/home/andreazanin/.m2/repository/aws/smithy/kotlin/http-auth-api-jvm/1.2.11/http-auth-api-jvm-1.2.11.jar:/home/andreazanin/.m2/repository/aws/smithy/kotlin/telemetry-api-jvm/1.2.11/telemetry-api-jvm-1.2.11.jar:/home/andreazanin/.m2/repository/aws/smithy/kotlin/http-client-engine-default-jvm/1.2.11/http-client-engine-default-jvm-1.2.11.jar:/home/andreazanin/.m2/repository/aws/smithy/kotlin/http-client-engine-okhttp-jvm/1.2.11/http-client-engine-okhttp-jvm-1.2.11.jar:/home/andreazanin/.m2/repository/com/squareup/okhttp3/okhttp/5.0.0-alpha.14/okhttp-5.0.0-alpha.14.jar:/home/andreazanin/.m2/repository/com/squareup/okhttp3/okhttp-coroutines/5.0.0-alpha.14/okhttp-coroutines-5.0.0-alpha.14.jar:/home/andreazanin/.m2/repository/aws/smithy/kotlin/serde-json-jvm/1.2.11/serde-json-jvm-1.2.11.jar:/home/andreazanin/.m2/repository/aws/smithy/kotlin/aws-protocol-core-jvm/1.2.11/aws-protocol-core-jvm-1.2.11.jar:/home/andreazanin/.m2/repository/aws/smithy/kotlin/aws-signing-common-jvm/1.2.11/aws-signing-common-jvm-1.2.11.jar:/home/andreazanin/.m2/repository/aws/smithy/kotlin/aws-signing-default-jvm/1.2.11/aws-signing-default-jvm-1.2.11.jar:/home/andreazanin/.m2/repository/aws/smithy/kotlin/http-auth-aws-jvm/1.2.11/http-auth-aws-jvm-1.2.11.jar:/home/andreazanin/.m2/repository/aws/smithy/kotlin/identity-api-jvm/1.2.11/identity-api-jvm-1.2.11.jar:/home/andreazanin/.m2/repository/aws/smithy/kotlin/runtime-core-jvm/1.2.11/runtime-core-jvm-1.2.11.jar:/home/andreazanin/.m2/repository/com/squareup/okio/okio-jvm/3.9.0/okio-jvm-3.9.0.jar:/home/andreazanin/.m2/repository/aws/smithy/kotlin/serde-jvm/1.2.11/serde-jvm-1.2.11.jar:/home/andreazanin/.m2/repository/aws/smithy/kotlin/smithy-client-jvm/1.2.11/smithy-client-jvm-1.2.11.jar:/home/andreazanin/.m2/repository/aws/smithy/kotlin/telemetry-defaults-jvm/1.2.11/telemetry-defaults-jvm-1.2.11.jar:/home/andreazanin/.m2/repository/aws/smithy/kotlin/logging-slf4j2-jvm/1.2.11/logging-slf4j2-jvm-1.2.11.jar:/home/andreazanin/.m2/repository/aws/sdk/kotlin/aws-endpoint-jvm/1.2.46/aws-endpoint-jvm-1.2.46.jar:/home/andreazanin/.m2/repository/aws/smithy/kotlin/serde-xml-jvm/1.2.11/serde-xml-jvm-1.2.11.jar:/home/andreazanin/.m2/repository/aws/smithy/kotlin/serde-form-url-jvm/1.2.11/serde-form-url-jvm-1.2.11.jar:/home/andreazanin/.m2/repository/aws/smithy/kotlin/aws-xml-protocols-jvm/1.2.11/aws-xml-protocols-jvm-1.2.11.jar:/home/andreazanin/.m2/repository/aws/smithy/kotlin/aws-json-protocols-jvm/1.2.11/aws-json-protocols-jvm-1.2.11.jar:/home/andreazanin/.m2/repository/org/jetbrains/kotlinx/kotlinx-coroutines-core-jvm/1.7.3/kotlinx-coroutines-core-jvm-1.7.3.jar:/home/andreazanin/.m2/repository/org/jetbrains/kotlin/kotlin-stdlib-common/1.8.20/kotlin-stdlib-common-1.8.20.jar:/home/andreazanin/.m2/repository/org/jetbrains/kotlin/kotlin-stdlib-jdk8/1.8.20/kotlin-stdlib-jdk8-1.8.20.jar:/home/andreazanin/.m2/repository/org/jetbrains/kotlin/kotlin-stdlib-jdk7/1.8.20/kotlin-stdlib-jdk7-1.8.20.jar:/home/andreazanin/.m2/repository/aws/sdk/kotlin/aws-http-jvm/1.2.46/aws-http-jvm-1.2.46.jar:/home/andreazanin/.m2/repository/org/slf4j/slf4j-api/1.7.32/slf4j-api-1.7.32.jar:/home/andreazanin/.m2/repository/org/slf4j/slf4j-simple/1.7.32/slf4j-simple-1.7.32.jar:/home/andreazanin/.m2/repository/org/junit/jupiter/junit-jupiter-api/5.11.0-M2/junit-jupiter-api-5.11.0-M2.jar:/home/andreazanin/.m2/repository/org/opentest4j/opentest4j/1.3.0/opentest4j-1.3.0.jar:/home/andreazanin/.m2/repository/org/junit/platform/junit-platform-commons/1.11.0-M2/junit-platform-commons-1.11.0-M2.jar:/home/andreazanin/.m2/repository/org/apiguardian/apiguardian-api/1.1.2/apiguardian-api-1.1.2.jar:/home/andreazanin/.m2/repository/org/junit/jupiter/junit-jupiter-params/5.11.0-M1/junit-jupiter-params-5.11.0-M1.jar:/home/andreazanin/.m2/repository/junit/junit/4.12/junit-4.12.jar:/home/andreazanin/.m2/repository/org/hamcrest/hamcrest-core/1.3/hamcrest-core-1.3.jar:"/>
    <property name="sun.cpu.endian" value="little"/>
    <property name="user.home" value="/home/andreazanin"/>
    <property name="user.language" value="en"/>
    <property name="java.specification.vendor" value="Oracle Corporation"/>
    <property name="java.version.date" value="2024-04-16"/>
    <property name="java.home" value="/usr/lib/jvm/java-21-openjdk-21.0.3.0.9-1.fc40.x86_64"/>
    <property name="file.separator" value="/"/>
    <property name="basedir" value="/home/andreazanin/IdeaProjects/DungeonUnipd"/>
    <property name="java.vm.compressedOopsMode" value="Zero based"/>
    <property name="line.separator" value="&#10;"/>
    <property name="java.specification.name" value="Java Platform API Specification"/>
    <property name="java.vm.specification.vendor" value="Oracle Corporation"/>
    <property name="surefire.real.class.path" value="/home/andreazanin/IdeaProjects/DungeonUnipd/target/surefire/surefirebooter-20240706172309079_3.jar"/>
    <property name="sun.management.compiler" value="HotSpot 64-Bit Tiered Compilers"/>
    <property name="java.runtime.version" value="21.0.3+9"/>
    <property name="user.name" value="andreazanin"/>
    <property name="stdout.encoding" value="UTF-8"/>
    <property name="path.separator" value=":"/>
    <property name="os.version" value="6.9.7-200.fc40.x86_64"/>
    <property name="java.runtime.name" value="OpenJDK Runtime Environment"/>
    <property name="file.encoding" value="UTF-8"/>
    <property name="java.vm.name" value="OpenJDK 64-Bit Server VM"/>
    <property name="java.vendor.version" value="(Red_Hat-21.0.3.0.9-1)"/>
    <property name="localRepository" value="/home/andreazanin/.m2/repository"/>
    <property name="java.vendor.url.bug" value="https://bugzilla.redhat.com/enter_bug.cgi?product=Fedora&amp;component=java-21-openjdk&amp;version=38"/>
    <property name="java.io.tmpdir" value="/tmp"/>
    <property name="java.version" value="21.0.3"/>
    <property name="user.dir" value="/home/andreazanin/IdeaProjects/DungeonUnipd"/>
    <property name="os.arch" value="amd64"/>
    <property name="java.vm.specification.name" value="Java Virtual Machine Specification"/>
    <property name="native.encoding" value="UTF-8"/>
    <property name="java.library.path" value="/usr/java/packages/lib:/usr/lib64:/lib64:/lib:/usr/lib"/>
    <property name="java.vm.info" value="mixed mode, sharing"/>
    <property name="stderr.encoding" value="UTF-8"/>
    <property name="java.vendor" value="Red Hat, Inc."/>
    <property name="java.vm.version" value="21.0.3+9"/>
    <property name="sun.io.unicode.encoding" value="UnicodeLittle"/>
    <property name="java.class.version" value="65.0"/>
  </properties>
  <testcase name="testShowMenuScreen" classname="UI.visibilityManagerTest" time="0.005"/>
  <testcase name="testShowLoadScreen" classname="UI.visibilityManagerTest" time="0.003"/>
  <testcase name="testShowStartScreen" classname="UI.visibilityManagerTest" time="0.002"/>
  <testcase name="testShowGameScreen" classname="UI.visibilityManagerTest" time="0.004">
    <system-out><![CDATA[Guarda che non hai selezionato una categoria: default warrior
]]></system-out>
  </testcase>
</testsuite>